Build started 04/05/2014 13:15:04.
     1>Project "J:\Programming\ShuffleboardProject\Shuffleboard\Shuffleboard\Shuffleboard.vcxproj" on node 2 (build target(s)).
     1>InitializeBuildStatus:
         Creating "obj\Debug\Shuffleboard.unsuccessfulbuild" because "AlwaysCreate" was specified.
       ClCompile:
         c:\Program Files\Microsoft Visual Studio 10.0\VC\bin\CL.exe /c /Iinclude /I"C:\OgreSDK_vc10_v1-8-1\include" /I"C:\OgreSDK_vc10_v1-8-1\include\OIS" /I"C:\OgreSDK_vc10_v1-8-1\include\OGRE" /I"C:\OgreSDK_vc10_v1-8-1\Samples\Common\include" /I"C:\OgreSDK_vc10_v1-8-1\boost" /IJ:\GUI3D\build\source /ZI /nologo /W1 /WX- /Od /Oy- /D WIN32 /D _DEBUG /D _WINDOWS /D _MBCS /Gm /EHsc /RTC1 /MDd /GS /Gy /fp:fast /Zc:wchar_t /Zc:forScope /GR /Fo"obj\Debug\\" /Fd"obj\Debug\vc100.pdb" /Gd /TP /analyze- /errorReport:prompt src\AI.cpp src\BaseApplication.cpp src\CollisionManager.cpp src\GameApplication.cpp src\GameConstants.cpp src\MyPurplePanelColors.cpp src\MyParticleSystem.cpp src\Puck.cpp src\PuckComparer.cpp src\PuckManager.cpp src\Shuffleboard.cpp src\SoundManager.cpp
         SoundManager.cpp
         Shuffleboard.cpp
         PuckManager.cpp
         PuckComparer.cpp
         Puck.cpp
         MyParticleSystem.cpp
         MyPurplePanelColors.cpp
         GameConstants.cpp
         GameApplication.cpp
         CollisionManager.cpp
         BaseApplication.cpp
         AI.cpp
         Generating Code...
       ManifestResourceCompile:
         C:\Program Files\Microsoft SDKs\Windows\v7.0A\bin\rc.exe /nologo /fo"obj\Debug\Shuffleboard.exe.embed.manifest.res" obj\Debug\Shuffleboard_manifest.rc 
       Link:
         c:\Program Files\Microsoft Visual Studio 10.0\VC\bin\link.exe /ERRORREPORT:PROMPT /OUT:"bin\Debug\\Shuffleboard.exe" /INCREMENTAL /NOLOGO /LIBPATH:"C:\OgreSDK_vc10_v1-8-1\lib\debug" /LIBPATH:"C:\OgreSDK_vc10_v1-8-1\boost\lib" /LIBPATH:J:\GUI3D\sdk /LIBPATH:J:\Programming\ShuffleboardProject\Shuffleboard\Shuffleboard\lib\lib OgreMain_d.lib OIS_d.lib Gui3DDebugStatic.lib fmodex_vc.lib kernel32.lib user32.lib gdi32.lib winspool.lib comdlg32.lib advapi32.lib shell32.lib ole32.lib oleaut32.lib uuid.lib odbc32.lib odbccp32.lib /MANIFEST /ManifestFile:"obj\Debug\Shuffleboard.exe.intermediate.manifest" /MANIFESTUAC:"level='asInvoker' uiAccess='false'" /DEBUG /PDB:"bin\Debug\/Shuffleboard.pdb" /SUBSYSTEM:WINDOWS /TLBID:1 /DYNAMICBASE /NXCOMPAT /IMPLIB:"bin\Debug\Shuffleboard.lib" /MACHINE:X86 obj\Debug\Shuffleboard.exe.embed.manifest.res
         obj\Debug\AI.obj
         obj\Debug\BaseApplication.obj
         obj\Debug\CollisionManager.obj
         obj\Debug\GameApplication.obj
         obj\Debug\GameConstants.obj
         obj\Debug\MyPurplePanelColors.obj
         obj\Debug\MyParticleSystem.obj
         obj\Debug\Puck.obj
         obj\Debug\PuckComparer.obj
         obj\Debug\PuckManager.obj
         obj\Debug\Shuffleboard.obj
         obj\Debug\SoundManager.obj
     1>Gui3DDebugStatic.lib(Gorilla.obj) : warning LNK4099: PDB 'vc100.pdb' was not found with 'Gui3DDebugStatic.lib(Gorilla.obj)' or at 'J:\Programming\ShuffleboardProject\Shuffleboard\Shuffleboard\bin\Debug\vc100.pdb'; linking object as if no debug info
     1>Gui3DDebugStatic.lib(Gui3D.obj) : warning LNK4099: PDB 'vc100.pdb' was not found with 'Gui3DDebugStatic.lib(Gui3D.obj)' or at 'J:\Programming\ShuffleboardProject\Shuffleboard\Shuffleboard\bin\Debug\vc100.pdb'; linking object as if no debug info
     1>Gui3DDebugStatic.lib(Gui3DButton.obj) : warning LNK4099: PDB 'vc100.pdb' was not found with 'Gui3DDebugStatic.lib(Gui3DButton.obj)' or at 'J:\Programming\ShuffleboardProject\Shuffleboard\Shuffleboard\bin\Debug\vc100.pdb'; linking object as if no debug info
     1>Gui3DDebugStatic.lib(Gui3DCaption.obj) : warning LNK4099: PDB 'vc100.pdb' was not found with 'Gui3DDebugStatic.lib(Gui3DCaption.obj)' or at 'J:\Programming\ShuffleboardProject\Shuffleboard\Shuffleboard\bin\Debug\vc100.pdb'; linking object as if no debug info
     1>Gui3DDebugStatic.lib(Gui3DCheckbox.obj) : warning LNK4099: PDB 'vc100.pdb' was not found with 'Gui3DDebugStatic.lib(Gui3DCheckbox.obj)' or at 'J:\Programming\ShuffleboardProject\Shuffleboard\Shuffleboard\bin\Debug\vc100.pdb'; linking object as if no debug info
     1>Gui3DDebugStatic.lib(Gui3DCheckboxSprite.obj) : warning LNK4099: PDB 'vc100.pdb' was not found with 'Gui3DDebugStatic.lib(Gui3DCheckboxSprite.obj)' or at 'J:\Programming\ShuffleboardProject\Shuffleboard\Shuffleboard\bin\Debug\vc100.pdb'; linking object as if no debug info
     1>Gui3DDebugStatic.lib(Gui3DCheckboxText.obj) : warning LNK4099: PDB 'vc100.pdb' was not found with 'Gui3DDebugStatic.lib(Gui3DCheckboxText.obj)' or at 'J:\Programming\ShuffleboardProject\Shuffleboard\Shuffleboard\bin\Debug\vc100.pdb'; linking object as if no debug info
     1>Gui3DDebugStatic.lib(Gui3DClock.obj) : warning LNK4099: PDB 'vc100.pdb' was not found with 'Gui3DDebugStatic.lib(Gui3DClock.obj)' or at 'J:\Programming\ShuffleboardProject\Shuffleboard\Shuffleboard\bin\Debug\vc100.pdb'; linking object as if no debug info
     1>Gui3DDebugStatic.lib(Gui3DCombobox.obj) : warning LNK4099: PDB 'vc100.pdb' was not found with 'Gui3DDebugStatic.lib(Gui3DCombobox.obj)' or at 'J:\Programming\ShuffleboardProject\Shuffleboard\Shuffleboard\bin\Debug\vc100.pdb'; linking object as if no debug info
     1>Gui3DDebugStatic.lib(Gui3DContainer.obj) : warning LNK4099: PDB 'vc100.pdb' was not found with 'Gui3DDebugStatic.lib(Gui3DContainer.obj)' or at 'J:\Programming\ShuffleboardProject\Shuffleboard\Shuffleboard\bin\Debug\vc100.pdb'; linking object as if no debug info
     1>Gui3DDebugStatic.lib(Gui3DInlineSelector.obj) : warning LNK4099: PDB 'vc100.pdb' was not found with 'Gui3DDebugStatic.lib(Gui3DInlineSelector.obj)' or at 'J:\Programming\ShuffleboardProject\Shuffleboard\Shuffleboard\bin\Debug\vc100.pdb'; linking object as if no debug info
     1>Gui3DDebugStatic.lib(Gui3DListbox.obj) : warning LNK4099: PDB 'vc100.pdb' was not found with 'Gui3DDebugStatic.lib(Gui3DListbox.obj)' or at 'J:\Programming\ShuffleboardProject\Shuffleboard\Shuffleboard\bin\Debug\vc100.pdb'; linking object as if no debug info
     1>Gui3DDebugStatic.lib(Gui3DMultipleElementsSelector.obj) : warning LNK4099: PDB 'vc100.pdb' was not found with 'Gui3DDebugStatic.lib(Gui3DMultipleElementsSelector.obj)' or at 'J:\Programming\ShuffleboardProject\Shuffleboard\Shuffleboard\bin\Debug\vc100.pdb'; linking object as if no debug info
     1>Gui3DDebugStatic.lib(Gui3DPanel.obj) : warning LNK4099: PDB 'vc100.pdb' was not found with 'Gui3DDebugStatic.lib(Gui3DPanel.obj)' or at 'J:\Programming\ShuffleboardProject\Shuffleboard\Shuffleboard\bin\Debug\vc100.pdb'; linking object as if no debug info
     1>Gui3DDebugStatic.lib(Gui3DPanelContainer.obj) : warning LNK4099: PDB 'vc100.pdb' was not found with 'Gui3DDebugStatic.lib(Gui3DPanelContainer.obj)' or at 'J:\Programming\ShuffleboardProject\Shuffleboard\Shuffleboard\bin\Debug\vc100.pdb'; linking object as if no debug info
     1>Gui3DDebugStatic.lib(Gui3DPanelElement.obj) : warning LNK4099: PDB 'vc100.pdb' was not found with 'Gui3DDebugStatic.lib(Gui3DPanelElement.obj)' or at 'J:\Programming\ShuffleboardProject\Shuffleboard\Shuffleboard\bin\Debug\vc100.pdb'; linking object as if no debug info
     1>Gui3DDebugStatic.lib(Gui3DProgressBar.obj) : warning LNK4099: PDB 'vc100.pdb' was not found with 'Gui3DDebugStatic.lib(Gui3DProgressBar.obj)' or at 'J:\Programming\ShuffleboardProject\Shuffleboard\Shuffleboard\bin\Debug\vc100.pdb'; linking object as if no debug info
     1>Gui3DDebugStatic.lib(Gui3DScrollBar.obj) : warning LNK4099: PDB 'vc100.pdb' was not found with 'Gui3DDebugStatic.lib(Gui3DScrollBar.obj)' or at 'J:\Programming\ShuffleboardProject\Shuffleboard\Shuffleboard\bin\Debug\vc100.pdb'; linking object as if no debug info
     1>Gui3DDebugStatic.lib(Gui3DStringCursorEdit.obj) : warning LNK4099: PDB 'vc100.pdb' was not found with 'Gui3DDebugStatic.lib(Gui3DStringCursorEdit.obj)' or at 'J:\Programming\ShuffleboardProject\Shuffleboard\Shuffleboard\bin\Debug\vc100.pdb'; linking object as if no debug info
     1>Gui3DDebugStatic.lib(Gui3DTextZone.obj) : warning LNK4099: PDB 'vc100.pdb' was not found with 'Gui3DDebugStatic.lib(Gui3DTextZone.obj)' or at 'J:\Programming\ShuffleboardProject\Shuffleboard\Shuffleboard\bin\Debug\vc100.pdb'; linking object as if no debug info
     1>Gui3DDebugStatic.lib(Gui3DVerticalSelector.obj) : warning LNK4099: PDB 'vc100.pdb' was not found with 'Gui3DDebugStatic.lib(Gui3DVerticalSelector.obj)' or at 'J:\Programming\ShuffleboardProject\Shuffleboard\Shuffleboard\bin\Debug\vc100.pdb'; linking object as if no debug info
       Manifest:
         C:\Program Files\Microsoft SDKs\Windows\v7.0A\bin\mt.exe /nologo /verbose /out:"obj\Debug\Shuffleboard.exe.embed.manifest" /manifest obj\Debug\Shuffleboard.exe.intermediate.manifest
         C:\Program Files\Microsoft SDKs\Windows\v7.0A\bin\rc.exe /nologo /fo"obj\Debug\Shuffleboard.exe.embed.manifest.res" obj\Debug\Shuffleboard_manifest.rc 
       LinkEmbedManifest:
         c:\Program Files\Microsoft Visual Studio 10.0\VC\bin\link.exe /ERRORREPORT:PROMPT /OUT:"bin\Debug\\Shuffleboard.exe" /INCREMENTAL /NOLOGO /LIBPATH:"C:\OgreSDK_vc10_v1-8-1\lib\debug" /LIBPATH:"C:\OgreSDK_vc10_v1-8-1\boost\lib" /LIBPATH:J:\GUI3D\sdk /LIBPATH:J:\Programming\ShuffleboardProject\Shuffleboard\Shuffleboard\lib\lib OgreMain_d.lib OIS_d.lib Gui3DDebugStatic.lib fmodex_vc.lib kernel32.lib user32.lib gdi32.lib winspool.lib comdlg32.lib advapi32.lib shell32.lib ole32.lib oleaut32.lib uuid.lib odbc32.lib odbccp32.lib /MANIFEST /ManifestFile:"obj\Debug\Shuffleboard.exe.intermediate.manifest" /MANIFESTUAC:"level='asInvoker' uiAccess='false'" /DEBUG /PDB:"bin\Debug\/Shuffleboard.pdb" /SUBSYSTEM:WINDOWS /TLBID:1 /DYNAMICBASE /NXCOMPAT /IMPLIB:"bin\Debug\Shuffleboard.lib" /MACHINE:X86 obj\Debug\Shuffleboard.exe.embed.manifest.res
         obj\Debug\AI.obj
         obj\Debug\BaseApplication.obj
         obj\Debug\CollisionManager.obj
         obj\Debug\GameApplication.obj
         obj\Debug\GameConstants.obj
         obj\Debug\MyPurplePanelColors.obj
         obj\Debug\MyParticleSystem.obj
         obj\Debug\Puck.obj
         obj\Debug\PuckComparer.obj
         obj\Debug\PuckManager.obj
         obj\Debug\Shuffleboard.obj
         obj\Debug\SoundManager.obj
     1>Gui3DDebugStatic.lib(Gorilla.obj) : warning LNK4099: PDB 'vc100.pdb' was not found with 'Gui3DDebugStatic.lib(Gorilla.obj)' or at 'J:\Programming\ShuffleboardProject\Shuffleboard\Shuffleboard\bin\Debug\vc100.pdb'; linking object as if no debug info
     1>Gui3DDebugStatic.lib(Gui3D.obj) : warning LNK4099: PDB 'vc100.pdb' was not found with 'Gui3DDebugStatic.lib(Gui3D.obj)' or at 'J:\Programming\ShuffleboardProject\Shuffleboard\Shuffleboard\bin\Debug\vc100.pdb'; linking object as if no debug info
     1>Gui3DDebugStatic.lib(Gui3DButton.obj) : warning LNK4099: PDB 'vc100.pdb' was not found with 'Gui3DDebugStatic.lib(Gui3DButton.obj)' or at 'J:\Programming\ShuffleboardProject\Shuffleboard\Shuffleboard\bin\Debug\vc100.pdb'; linking object as if no debug info
     1>Gui3DDebugStatic.lib(Gui3DCaption.obj) : warning LNK4099: PDB 'vc100.pdb' was not found with 'Gui3DDebugStatic.lib(Gui3DCaption.obj)' or at 'J:\Programming\ShuffleboardProject\Shuffleboard\Shuffleboard\bin\Debug\vc100.pdb'; linking object as if no debug info
     1>Gui3DDebugStatic.lib(Gui3DCheckbox.obj) : warning LNK4099: PDB 'vc100.pdb' was not found with 'Gui3DDebugStatic.lib(Gui3DCheckbox.obj)' or at 'J:\Programming\ShuffleboardProject\Shuffleboard\Shuffleboard\bin\Debug\vc100.pdb'; linking object as if no debug info
     1>Gui3DDebugStatic.lib(Gui3DCheckboxSprite.obj) : warning LNK4099: PDB 'vc100.pdb' was not found with 'Gui3DDebugStatic.lib(Gui3DCheckboxSprite.obj)' or at 'J:\Programming\ShuffleboardProject\Shuffleboard\Shuffleboard\bin\Debug\vc100.pdb'; linking object as if no debug info
     1>Gui3DDebugStatic.lib(Gui3DCheckboxText.obj) : warning LNK4099: PDB 'vc100.pdb' was not found with 'Gui3DDebugStatic.lib(Gui3DCheckboxText.obj)' or at 'J:\Programming\ShuffleboardProject\Shuffleboard\Shuffleboard\bin\Debug\vc100.pdb'; linking object as if no debug info
     1>Gui3DDebugStatic.lib(Gui3DClock.obj) : warning LNK4099: PDB 'vc100.pdb' was not found with 'Gui3DDebugStatic.lib(Gui3DClock.obj)' or at 'J:\Programming\ShuffleboardProject\Shuffleboard\Shuffleboard\bin\Debug\vc100.pdb'; linking object as if no debug info
     1>Gui3DDebugStatic.lib(Gui3DCombobox.obj) : warning LNK4099: PDB 'vc100.pdb' was not found with 'Gui3DDebugStatic.lib(Gui3DCombobox.obj)' or at 'J:\Programming\ShuffleboardProject\Shuffleboard\Shuffleboard\bin\Debug\vc100.pdb'; linking object as if no debug info
     1>Gui3DDebugStatic.lib(Gui3DContainer.obj) : warning LNK4099: PDB 'vc100.pdb' was not found with 'Gui3DDebugStatic.lib(Gui3DContainer.obj)' or at 'J:\Programming\ShuffleboardProject\Shuffleboard\Shuffleboard\bin\Debug\vc100.pdb'; linking object as if no debug info
     1>Gui3DDebugStatic.lib(Gui3DInlineSelector.obj) : warning LNK4099: PDB 'vc100.pdb' was not found with 'Gui3DDebugStatic.lib(Gui3DInlineSelector.obj)' or at 'J:\Programming\ShuffleboardProject\Shuffleboard\Shuffleboard\bin\Debug\vc100.pdb'; linking object as if no debug info
     1>Gui3DDebugStatic.lib(Gui3DListbox.obj) : warning LNK4099: PDB 'vc100.pdb' was not found with 'Gui3DDebugStatic.lib(Gui3DListbox.obj)' or at 'J:\Programming\ShuffleboardProject\Shuffleboard\Shuffleboard\bin\Debug\vc100.pdb'; linking object as if no debug info
     1>Gui3DDebugStatic.lib(Gui3DMultipleElementsSelector.obj) : warning LNK4099: PDB 'vc100.pdb' was not found with 'Gui3DDebugStatic.lib(Gui3DMultipleElementsSelector.obj)' or at 'J:\Programming\ShuffleboardProject\Shuffleboard\Shuffleboard\bin\Debug\vc100.pdb'; linking object as if no debug info
     1>Gui3DDebugStatic.lib(Gui3DPanel.obj) : warning LNK4099: PDB 'vc100.pdb' was not found with 'Gui3DDebugStatic.lib(Gui3DPanel.obj)' or at 'J:\Programming\ShuffleboardProject\Shuffleboard\Shuffleboard\bin\Debug\vc100.pdb'; linking object as if no debug info
     1>Gui3DDebugStatic.lib(Gui3DPanelContainer.obj) : warning LNK4099: PDB 'vc100.pdb' was not found with 'Gui3DDebugStatic.lib(Gui3DPanelContainer.obj)' or at 'J:\Programming\ShuffleboardProject\Shuffleboard\Shuffleboard\bin\Debug\vc100.pdb'; linking object as if no debug info
     1>Gui3DDebugStatic.lib(Gui3DPanelElement.obj) : warning LNK4099: PDB 'vc100.pdb' was not found with 'Gui3DDebugStatic.lib(Gui3DPanelElement.obj)' or at 'J:\Programming\ShuffleboardProject\Shuffleboard\Shuffleboard\bin\Debug\vc100.pdb'; linking object as if no debug info
     1>Gui3DDebugStatic.lib(Gui3DProgressBar.obj) : warning LNK4099: PDB 'vc100.pdb' was not found with 'Gui3DDebugStatic.lib(Gui3DProgressBar.obj)' or at 'J:\Programming\ShuffleboardProject\Shuffleboard\Shuffleboard\bin\Debug\vc100.pdb'; linking object as if no debug info
     1>Gui3DDebugStatic.lib(Gui3DScrollBar.obj) : warning LNK4099: PDB 'vc100.pdb' was not found with 'Gui3DDebugStatic.lib(Gui3DScrollBar.obj)' or at 'J:\Programming\ShuffleboardProject\Shuffleboard\Shuffleboard\bin\Debug\vc100.pdb'; linking object as if no debug info
     1>Gui3DDebugStatic.lib(Gui3DStringCursorEdit.obj) : warning LNK4099: PDB 'vc100.pdb' was not found with 'Gui3DDebugStatic.lib(Gui3DStringCursorEdit.obj)' or at 'J:\Programming\ShuffleboardProject\Shuffleboard\Shuffleboard\bin\Debug\vc100.pdb'; linking object as if no debug info
     1>Gui3DDebugStatic.lib(Gui3DTextZone.obj) : warning LNK4099: PDB 'vc100.pdb' was not found with 'Gui3DDebugStatic.lib(Gui3DTextZone.obj)' or at 'J:\Programming\ShuffleboardProject\Shuffleboard\Shuffleboard\bin\Debug\vc100.pdb'; linking object as if no debug info
     1>Gui3DDebugStatic.lib(Gui3DVerticalSelector.obj) : warning LNK4099: PDB 'vc100.pdb' was not found with 'Gui3DDebugStatic.lib(Gui3DVerticalSelector.obj)' or at 'J:\Programming\ShuffleboardProject\Shuffleboard\Shuffleboard\bin\Debug\vc100.pdb'; linking object as if no debug info
         Shuffleboard.vcxproj -> J:\Programming\ShuffleboardProject\Shuffleboard\Shuffleboard\bin\Debug\Shuffleboard.exe
       PostBuildEvent:
         Description: Copying exe to samples bin directory ...
         copy "bin\Debug\\Shuffleboard.exe" "C:\OgreSDK_vc10_v1-8-1\Bin\Debug"
         :VCEnd
                 1 file(s) copied.
       FinalizeBuildStatus:
         Deleting file "obj\Debug\Shuffleboard.unsuccessfulbuild".
         Touching "obj\Debug\Shuffleboard.lastbuildstate".
     1>Done Building Project "J:\Programming\ShuffleboardProject\Shuffleboard\Shuffleboard\Shuffleboard.vcxproj" (build target(s)).

Build succeeded.

Time Elapsed 00:16:01.39
