bin\Debug\Shuffleboard.ilk
bin\Debug\Shuffleboard.pdb
F:\PROGRAMMING\SHUFFLEBOARDPROJECT\SHUFFLEBOARD\SHUFFLEBOARD\BIN\DEBUG\SHUFFLEBOARD.EXE
F:\PROGRAMMING\SHUFFLEBOARDPROJECT\SHUFFLEBOARD\SHUFFLEBOARD\BIN\DEBUG\SHUFFLEBOARD.ILK
F:\PROGRAMMING\SHUFFLEBOARDPROJECT\SHUFFLEBOARD\SHUFFLEBOARD\BIN\DEBUG\SHUFFLEBOARD.PDB
F:\PROGRAMMING\SHUFFLEBOARDPROJECT\SHUFFLEBOARD\SHUFFLEBOARD\OBJ\DEBUG\AI.OBJ
F:\PROGRAMMING\SHUFFLEBOARDPROJECT\SHUFFLEBOARD\SHUFFLEBOARD\OBJ\DEBUG\BASEAPPLICATION.OBJ
F:\PROGRAMMING\SHUFFLEBOARDPROJECT\SHUFFLEBOARD\SHUFFLEBOARD\OBJ\DEBUG\COLLISIONMANAGER.OBJ
F:\PROGRAMMING\SHUFFLEBOARDPROJECT\SHUFFLEBOARD\SHUFFLEBOARD\OBJ\DEBUG\GAMEAPPLICATION.OBJ
F:\PROGRAMMING\SHUFFLEBOARDPROJECT\SHUFFLEBOARD\SHUFFLEBOARD\OBJ\DEBUG\GAMECONSTANTS.OBJ
F:\PROGRAMMING\SHUFFLEBOARDPROJECT\SHUFFLEBOARD\SHUFFLEBOARD\OBJ\DEBUG\MYPARTICLESYSTEM.OBJ
F:\PROGRAMMING\SHUFFLEBOARDPROJECT\SHUFFLEBOARD\SHUFFLEBOARD\OBJ\DEBUG\MYPURPLEPANELCOLORS.OBJ
F:\PROGRAMMING\SHUFFLEBOARDPROJECT\SHUFFLEBOARD\SHUFFLEBOARD\OBJ\DEBUG\PUCK.OBJ
F:\PROGRAMMING\SHUFFLEBOARDPROJECT\SHUFFLEBOARD\SHUFFLEBOARD\OBJ\DEBUG\PUCKCOMPARER.OBJ
F:\PROGRAMMING\SHUFFLEBOARDPROJECT\SHUFFLEBOARD\SHUFFLEBOARD\OBJ\DEBUG\PUCKMANAGER.OBJ
F:\PROGRAMMING\SHUFFLEBOARDPROJECT\SHUFFLEBOARD\SHUFFLEBOARD\OBJ\DEBUG\SHUFFLEBOARD.EXE.EMBED.MANIFEST.RES
F:\PROGRAMMING\SHUFFLEBOARDPROJECT\SHUFFLEBOARD\SHUFFLEBOARD\OBJ\DEBUG\SHUFFLEBOARD.EXE.INTERMEDIATE.MANIFEST
F:\PROGRAMMING\SHUFFLEBOARDPROJECT\SHUFFLEBOARD\SHUFFLEBOARD\OBJ\DEBUG\SHUFFLEBOARD.OBJ
F:\PROGRAMMING\SHUFFLEBOARDPROJECT\SHUFFLEBOARD\SHUFFLEBOARD\OBJ\DEBUG\SOUNDMANAGER.OBJ
F:\PROGRAMMING\SHUFFLEBOARDPROJECT\SHUFFLEBOARD\SHUFFLEBOARD\OBJ\DEBUG\VC100.PDB
J:\PROGRAMMING\SHUFFLEBOARDPROJECT\SHUFFLEBOARD\SHUFFLEBOARD\BIN\DEBUG\SHUFFLEBOARD.EXE
J:\PROGRAMMING\SHUFFLEBOARDPROJECT\SHUFFLEBOARD\SHUFFLEBOARD\BIN\DEBUG\SHUFFLEBOARD.ILK
J:\PROGRAMMING\SHUFFLEBOARDPROJECT\SHUFFLEBOARD\SHUFFLEBOARD\BIN\DEBUG\SHUFFLEBOARD.PDB
J:\PROGRAMMING\SHUFFLEBOARDPROJECT\SHUFFLEBOARD\SHUFFLEBOARD\OBJ\DEBUG\AI.OBJ
J:\PROGRAMMING\SHUFFLEBOARDPROJECT\SHUFFLEBOARD\SHUFFLEBOARD\OBJ\DEBUG\BASEAPPLICATION.OBJ
J:\Programming\ShuffleboardProject\Shuffleboard\Shuffleboard\obj\Debug\cl.command.1.tlog
J:\Programming\ShuffleboardProject\Shuffleboard\Shuffleboard\obj\Debug\CL.read.1.tlog
J:\Programming\ShuffleboardProject\Shuffleboard\Shuffleboard\obj\Debug\CL.write.1.tlog
J:\PROGRAMMING\SHUFFLEBOARDPROJECT\SHUFFLEBOARD\SHUFFLEBOARD\OBJ\DEBUG\COLLISIONMANAGER.OBJ
J:\PROGRAMMING\SHUFFLEBOARDPROJECT\SHUFFLEBOARD\SHUFFLEBOARD\OBJ\DEBUG\GAMEAPPLICATION.OBJ
J:\PROGRAMMING\SHUFFLEBOARDPROJECT\SHUFFLEBOARD\SHUFFLEBOARD\OBJ\DEBUG\GAMECONSTANTS.OBJ
J:\Programming\ShuffleboardProject\Shuffleboard\Shuffleboard\obj\Debug\link.5220.read.1.tlog
J:\Programming\ShuffleboardProject\Shuffleboard\Shuffleboard\obj\Debug\link.5220.read.2.tlog
J:\Programming\ShuffleboardProject\Shuffleboard\Shuffleboard\obj\Debug\link.5220.write.1.tlog
J:\Programming\ShuffleboardProject\Shuffleboard\Shuffleboard\obj\Debug\link.5220-cvtres.read.1.tlog
J:\Programming\ShuffleboardProject\Shuffleboard\Shuffleboard\obj\Debug\link.5220-cvtres.write.1.tlog
J:\Programming\ShuffleboardProject\Shuffleboard\Shuffleboard\obj\Debug\link.command.1.tlog
J:\Programming\ShuffleboardProject\Shuffleboard\Shuffleboard\obj\Debug\link.read.1.tlog
J:\Programming\ShuffleboardProject\Shuffleboard\Shuffleboard\obj\Debug\link.read.2.tlog
J:\Programming\ShuffleboardProject\Shuffleboard\Shuffleboard\obj\Debug\link.write.1.tlog
J:\Programming\ShuffleboardProject\Shuffleboard\Shuffleboard\obj\Debug\link-cvtres.read.1.tlog
J:\Programming\ShuffleboardProject\Shuffleboard\Shuffleboard\obj\Debug\link-cvtres.write.1.tlog
J:\Programming\ShuffleboardProject\Shuffleboard\Shuffleboard\obj\Debug\mt.command.1.tlog
J:\Programming\ShuffleboardProject\Shuffleboard\Shuffleboard\obj\Debug\mt.read.1.tlog
J:\Programming\ShuffleboardProject\Shuffleboard\Shuffleboard\obj\Debug\mt.write.1.tlog
J:\PROGRAMMING\SHUFFLEBOARDPROJECT\SHUFFLEBOARD\SHUFFLEBOARD\OBJ\DEBUG\MYPARTICLESYSTEM.OBJ
J:\PROGRAMMING\SHUFFLEBOARDPROJECT\SHUFFLEBOARD\SHUFFLEBOARD\OBJ\DEBUG\MYPURPLEPANELCOLORS.OBJ
J:\PROGRAMMING\SHUFFLEBOARDPROJECT\SHUFFLEBOARD\SHUFFLEBOARD\OBJ\DEBUG\PUCK.OBJ
J:\PROGRAMMING\SHUFFLEBOARDPROJECT\SHUFFLEBOARD\SHUFFLEBOARD\OBJ\DEBUG\PUCKCOMPARER.OBJ
J:\PROGRAMMING\SHUFFLEBOARDPROJECT\SHUFFLEBOARD\SHUFFLEBOARD\OBJ\DEBUG\PUCKMANAGER.OBJ
J:\Programming\ShuffleboardProject\Shuffleboard\Shuffleboard\obj\Debug\rc.command.1.tlog
J:\Programming\ShuffleboardProject\Shuffleboard\Shuffleboard\obj\Debug\rc.read.1.tlog
J:\Programming\ShuffleboardProject\Shuffleboard\Shuffleboard\obj\Debug\rc.write.1.tlog
J:\PROGRAMMING\SHUFFLEBOARDPROJECT\SHUFFLEBOARD\SHUFFLEBOARD\OBJ\DEBUG\SHUFFLEBOARD.EXE.EMBED.MANIFEST
J:\PROGRAMMING\SHUFFLEBOARDPROJECT\SHUFFLEBOARD\SHUFFLEBOARD\OBJ\DEBUG\SHUFFLEBOARD.EXE.EMBED.MANIFEST.RES
J:\PROGRAMMING\SHUFFLEBOARDPROJECT\SHUFFLEBOARD\SHUFFLEBOARD\OBJ\DEBUG\SHUFFLEBOARD.EXE.INTERMEDIATE.MANIFEST
J:\PROGRAMMING\SHUFFLEBOARDPROJECT\SHUFFLEBOARD\SHUFFLEBOARD\OBJ\DEBUG\SHUFFLEBOARD.OBJ
J:\Programming\ShuffleboardProject\Shuffleboard\Shuffleboard\obj\Debug\Shuffleboard.vcxprojResolveAssemblyReference.cache
J:\Programming\ShuffleboardProject\Shuffleboard\Shuffleboard\obj\Debug\Shuffleboard.write.1.tlog
J:\Programming\ShuffleboardProject\Shuffleboard\Shuffleboard\obj\Debug\Shuffleboard_manifest.rc
J:\PROGRAMMING\SHUFFLEBOARDPROJECT\SHUFFLEBOARD\SHUFFLEBOARD\OBJ\DEBUG\SOUNDMANAGER.OBJ
J:\Programming\ShuffleboardProject\Shuffleboard\Shuffleboard\obj\Debug\vc100.idb
J:\PROGRAMMING\SHUFFLEBOARDPROJECT\SHUFFLEBOARD\SHUFFLEBOARD\OBJ\DEBUG\VC100.PDB
